<?xml version="1.0" encoding="UTF-8"?>
<testsuite name="com.stream.tasks.StreamTasksTestSuite" tests="1" skipped="0" failures="0" errors="0" timestamp="2023-02-25T07:14:42" hostname="DESKTOP-8QTP3L3" time="0.005">
  <properties/>
  <testcase name="quantityOfEmployeesWithThisSameSurnameTest" classname="com.stream.tasks.StreamTasksTestSuite" time="0.005"/>
  <system-out><![CDATA[]]></system-out>
  <system-err><![CDATA[]]></system-err>
</testsuite>
