<?xml version="1.0" encoding="UTF-8"?>
<testsuite name="com.stream.StreamTestSuite" tests="1" skipped="0" failures="0" errors="0" timestamp="2023-02-24T11:54:46" hostname="DESKTOP-8QTP3L3" time="0.001">
  <properties/>
  <testcase name="example" classname="com.stream.StreamTestSuite" time="0.001"/>
  <system-out><![CDATA[]]></system-out>
  <system-err><![CDATA[]]></system-err>
</testsuite>
