<?xml version="1.0" encoding="UTF-8"?>
<testsuite name="com.algorithms.tasks.TaskTestSuite" tests="1" skipped="0" failures="0" errors="0" timestamp="2023-02-24T15:01:47" hostname="DESKTOP-8QTP3L3" time="0.002">
  <properties/>
  <testcase name="isAnagramTest" classname="com.algorithms.tasks.TaskTestSuite" time="0.002"/>
  <system-out><![CDATA[]]></system-out>
  <system-err><![CDATA[]]></system-err>
</testsuite>
